{"C:\\work\\poke-game\\client\\src\\game\\DamageCalculator.ts": {"path":"C:\\work\\poke-game\\client\\src\\game\\DamageCalculator.ts","statementMap":{"0":{"start":{"line":6,"column":8},"end":{"line":6,"column":null}},"1":{"start":{"line":6,"column":24},"end":{"line":6,"column":null}},"2":{"start":{"line":7,"column":8},"end":{"line":7,"column":null}},"3":{"start":{"line":11,"column":8},"end":{"line":11,"column":null}},"4":{"start":{"line":11,"column":24},"end":{"line":11,"column":null}},"5":{"start":{"line":12,"column":8},"end":{"line":12,"column":null}},"6":{"start":{"line":17,"column":8},"end":{"line":28,"column":null}},"7":{"start":{"line":19,"column":29},"end":{"line":19,"column":null}},"8":{"start":{"line":20,"column":29},"end":{"line":20,"column":null}},"9":{"start":{"line":21,"column":26},"end":{"line":21,"column":null}},"10":{"start":{"line":22,"column":29},"end":{"line":22,"column":null}},"11":{"start":{"line":24,"column":30},"end":{"line":24,"column":null}},"12":{"start":{"line":25,"column":12},"end":{"line":27,"column":null}},"13":{"start":{"line":26,"column":16},"end":{"line":26,"column":null}},"14":{"start":{"line":30,"column":8},"end":{"line":32,"column":null}},"15":{"start":{"line":31,"column":12},"end":{"line":31,"column":null}},"16":{"start":{"line":34,"column":22},"end":{"line":34,"column":null}},"17":{"start":{"line":37,"column":22},"end":{"line":37,"column":null}},"18":{"start":{"line":38,"column":22},"end":{"line":38,"column":null}},"19":{"start":{"line":41,"column":8},"end":{"line":43,"column":null}},"20":{"start":{"line":42,"column":12},"end":{"line":42,"column":null}},"21":{"start":{"line":46,"column":25},"end":{"line":46,"column":null}},"22":{"start":{"line":47,"column":25},"end":{"line":47,"column":null}},"23":{"start":{"line":49,"column":8},"end":{"line":49,"column":null}},"24":{"start":{"line":50,"column":8},"end":{"line":50,"column":null}},"25":{"start":{"line":53,"column":30},"end":{"line":53,"column":null}},"26":{"start":{"line":54,"column":8},"end":{"line":56,"column":null}},"27":{"start":{"line":55,"column":12},"end":{"line":55,"column":null}},"28":{"start":{"line":58,"column":21},"end":{"line":58,"column":null}},"29":{"start":{"line":60,"column":8},"end":{"line":64,"column":null}},"30":{"start":{"line":61,"column":12},"end":{"line":62,"column":null}},"31":{"start":{"line":61,"column":46},"end":{"line":61,"column":null}},"32":{"start":{"line":62,"column":17},"end":{"line":62,"column":null}},"33":{"start":{"line":63,"column":12},"end":{"line":63,"column":null}},"34":{"start":{"line":66,"column":20},"end":{"line":66,"column":null}},"35":{"start":{"line":69,"column":8},"end":{"line":78,"column":null}},"36":{"start":{"line":70,"column":22},"end":{"line":70,"column":null}},"37":{"start":{"line":71,"column":12},"end":{"line":77,"column":null}},"38":{"start":{"line":71,"column":26},"end":{"line":71,"column":null}},"39":{"start":{"line":71,"column":34},"end":{"line":77,"column":null}},"40":{"start":{"line":72,"column":31},"end":{"line":72,"column":null}},"41":{"start":{"line":72,"column":39},"end":{"line":77,"column":null}},"42":{"start":{"line":73,"column":31},"end":{"line":73,"column":null}},"43":{"start":{"line":73,"column":39},"end":{"line":77,"column":null}},"44":{"start":{"line":74,"column":31},"end":{"line":74,"column":null}},"45":{"start":{"line":74,"column":39},"end":{"line":77,"column":null}},"46":{"start":{"line":75,"column":31},"end":{"line":75,"column":null}},"47":{"start":{"line":75,"column":39},"end":{"line":77,"column":null}},"48":{"start":{"line":76,"column":31},"end":{"line":76,"column":null}},"49":{"start":{"line":77,"column":17},"end":{"line":77,"column":null}},"50":{"start":{"line":81,"column":8},"end":{"line":81,"column":null}},"51":{"start":{"line":85,"column":8},"end":{"line":87,"column":null}},"52":{"start":{"line":86,"column":12},"end":{"line":86,"column":null}},"53":{"start":{"line":90,"column":8},"end":{"line":90,"column":null}},"54":{"start":{"line":95,"column":30},"end":{"line":99,"column":null}},"55":{"start":{"line":101,"column":25},"end":{"line":101,"column":null}},"56":{"start":{"line":102,"column":8},"end":{"line":104,"column":null}},"57":{"start":{"line":103,"column":12},"end":{"line":103,"column":null}},"58":{"start":{"line":106,"column":27},"end":{"line":106,"column":null}},"59":{"start":{"line":107,"column":8},"end":{"line":109,"column":null}},"60":{"start":{"line":108,"column":12},"end":{"line":108,"column":null}},"61":{"start":{"line":111,"column":14},"end":{"line":111,"column":null}},"62":{"start":{"line":112,"column":8},"end":{"line":112,"column":null}},"63":{"start":{"line":114,"column":8},"end":{"line":114,"column":null}}},"fnMap":{"0":{"name":"(anonymous_0)","decl":{"start":{"line":5,"column":19},"end":{"line":5,"column":38}},"loc":{"start":{"line":5,"column":61},"end":{"line":8,"column":null}},"line":5},"1":{"name":"(anonymous_1)","decl":{"start":{"line":10,"column":19},"end":{"line":10,"column":41}},"loc":{"start":{"line":10,"column":64},"end":{"line":13,"column":null}},"line":10},"2":{"name":"(anonymous_2)","decl":{"start":{"line":15,"column":11},"end":{"line":15,"column":21}},"loc":{"start":{"line":15,"column":163},"end":{"line":115,"column":null}},"line":15}},"branchMap":{"0":{"loc":{"start":{"line":6,"column":8},"end":{"line":6,"column":null}},"type":"if","locations":[{"start":{"line":6,"column":8},"end":{"line":6,"column":null}},{"start":{},"end":{}}],"line":6},"1":{"loc":{"start":{"line":11,"column":8},"end":{"line":11,"column":null}},"type":"if","locations":[{"start":{"line":11,"column":8},"end":{"line":11,"column":null}},{"start":{},"end":{}}],"line":11},"2":{"loc":{"start":{"line":17,"column":8},"end":{"line":28,"column":null}},"type":"if","locations":[{"start":{"line":17,"column":8},"end":{"line":28,"column":null}},{"start":{},"end":{}}],"line":17},"3":{"loc":{"start":{"line":17,"column":12},"end":{"line":17,"column":50}},"type":"binary-expr","locations":[{"start":{"line":17,"column":12},"end":{"line":17,"column":29}},{"start":{"line":17,"column":29},"end":{"line":17,"column":50}}],"line":17},"4":{"loc":{"start":{"line":25,"column":12},"end":{"line":27,"column":null}},"type":"if","locations":[{"start":{"line":25,"column":12},"end":{"line":27,"column":null}},{"start":{},"end":{}}],"line":25},"5":{"loc":{"start":{"line":30,"column":8},"end":{"line":32,"column":null}},"type":"if","locations":[{"start":{"line":30,"column":8},"end":{"line":32,"column":null}},{"start":{},"end":{}}],"line":30},"6":{"loc":{"start":{"line":30,"column":12},"end":{"line":30,"column":64}},"type":"binary-expr","locations":[{"start":{"line":30,"column":12},"end":{"line":30,"column":42}},{"start":{"line":30,"column":42},"end":{"line":30,"column":64}}],"line":30},"7":{"loc":{"start":{"line":37,"column":22},"end":{"line":37,"column":null}},"type":"cond-expr","locations":[{"start":{"line":37,"column":53},"end":{"line":37,"column":77}},{"start":{"line":37,"column":77},"end":{"line":37,"column":null}}],"line":37},"8":{"loc":{"start":{"line":38,"column":22},"end":{"line":38,"column":null}},"type":"cond-expr","locations":[{"start":{"line":38,"column":53},"end":{"line":38,"column":78}},{"start":{"line":38,"column":78},"end":{"line":38,"column":null}}],"line":38},"9":{"loc":{"start":{"line":41,"column":8},"end":{"line":43,"column":null}},"type":"if","locations":[{"start":{"line":41,"column":8},"end":{"line":43,"column":null}},{"start":{},"end":{}}],"line":41},"10":{"loc":{"start":{"line":41,"column":12},"end":{"line":41,"column":71}},"type":"binary-expr","locations":[{"start":{"line":41,"column":12},"end":{"line":41,"column":41}},{"start":{"line":41,"column":41},"end":{"line":41,"column":71}}],"line":41},"11":{"loc":{"start":{"line":46,"column":25},"end":{"line":46,"column":null}},"type":"cond-expr","locations":[{"start":{"line":46,"column":56},"end":{"line":46,"column":78}},{"start":{"line":46,"column":78},"end":{"line":46,"column":null}}],"line":46},"12":{"loc":{"start":{"line":47,"column":25},"end":{"line":47,"column":null}},"type":"cond-expr","locations":[{"start":{"line":47,"column":56},"end":{"line":47,"column":78}},{"start":{"line":47,"column":78},"end":{"line":47,"column":null}}],"line":47},"13":{"loc":{"start":{"line":54,"column":8},"end":{"line":56,"column":null}},"type":"if","locations":[{"start":{"line":54,"column":8},"end":{"line":56,"column":null}},{"start":{},"end":{}}],"line":54},"14":{"loc":{"start":{"line":60,"column":8},"end":{"line":64,"column":null}},"type":"if","locations":[{"start":{"line":60,"column":8},"end":{"line":64,"column":null}},{"start":{},"end":{}}],"line":60},"15":{"loc":{"start":{"line":61,"column":12},"end":{"line":62,"column":null}},"type":"if","locations":[{"start":{"line":61,"column":12},"end":{"line":62,"column":null}},{"start":{"line":62,"column":17},"end":{"line":62,"column":null}}],"line":61},"16":{"loc":{"start":{"line":69,"column":8},"end":{"line":78,"column":null}},"type":"if","locations":[{"start":{"line":69,"column":8},"end":{"line":78,"column":null}},{"start":{},"end":{}}],"line":69},"17":{"loc":{"start":{"line":71,"column":12},"end":{"line":77,"column":null}},"type":"if","locations":[{"start":{"line":71,"column":12},"end":{"line":77,"column":null}},{"start":{"line":71,"column":34},"end":{"line":77,"column":null}}],"line":71},"18":{"loc":{"start":{"line":71,"column":34},"end":{"line":77,"column":null}},"type":"if","locations":[{"start":{"line":71,"column":34},"end":{"line":77,"column":null}},{"start":{"line":72,"column":39},"end":{"line":77,"column":null}}],"line":71},"19":{"loc":{"start":{"line":72,"column":39},"end":{"line":77,"column":null}},"type":"if","locations":[{"start":{"line":72,"column":39},"end":{"line":77,"column":null}},{"start":{"line":73,"column":39},"end":{"line":77,"column":null}}],"line":72},"20":{"loc":{"start":{"line":73,"column":39},"end":{"line":77,"column":null}},"type":"if","locations":[{"start":{"line":73,"column":39},"end":{"line":77,"column":null}},{"start":{"line":74,"column":39},"end":{"line":77,"column":null}}],"line":73},"21":{"loc":{"start":{"line":74,"column":39},"end":{"line":77,"column":null}},"type":"if","locations":[{"start":{"line":74,"column":39},"end":{"line":77,"column":null}},{"start":{"line":75,"column":39},"end":{"line":77,"column":null}}],"line":74},"22":{"loc":{"start":{"line":75,"column":39},"end":{"line":77,"column":null}},"type":"if","locations":[{"start":{"line":75,"column":39},"end":{"line":77,"column":null}},{"start":{"line":77,"column":17},"end":{"line":77,"column":null}}],"line":75},"23":{"loc":{"start":{"line":85,"column":8},"end":{"line":87,"column":null}},"type":"if","locations":[{"start":{"line":85,"column":8},"end":{"line":87,"column":null}},{"start":{},"end":{}}],"line":85},"24":{"loc":{"start":{"line":102,"column":8},"end":{"line":104,"column":null}},"type":"if","locations":[{"start":{"line":102,"column":8},"end":{"line":104,"column":null}},{"start":{},"end":{}}],"line":102},"25":{"loc":{"start":{"line":102,"column":12},"end":{"line":102,"column":60}},"type":"binary-expr","locations":[{"start":{"line":102,"column":12},"end":{"line":102,"column":25}},{"start":{"line":102,"column":25},"end":{"line":102,"column":60}}],"line":102},"26":{"loc":{"start":{"line":107,"column":8},"end":{"line":109,"column":null}},"type":"if","locations":[{"start":{"line":107,"column":8},"end":{"line":109,"column":null}},{"start":{},"end":{}}],"line":107}},"s":{"0":14,"1":14,"2":0,"3":1,"4":1,"5":0,"6":8,"7":1,"8":1,"9":1,"10":1,"11":1,"12":1,"13":0,"14":8,"15":1,"16":7,"17":7,"18":8,"19":8,"20":1,"21":7,"22":8,"23":8,"24":8,"25":8,"26":8,"27":1,"28":6,"29":6,"30":0,"31":0,"32":0,"33":0,"34":6,"35":6,"36":0,"37":0,"38":0,"39":0,"40":0,"41":0,"42":0,"43":0,"44":0,"45":0,"46":0,"47":0,"48":0,"49":0,"50":6,"51":6,"52":4,"53":6,"54":6,"55":6,"56":6,"57":1,"58":6,"59":6,"60":1,"61":6,"62":6,"63":6},"f":{"0":1,"1":1,"2":1},"b":{"0":[14,0],"1":[1,0],"2":[1,7],"3":[8,8],"4":[0,1],"5":[1,7],"6":[8,7],"7":[3,4],"8":[3,4],"9":[1,7],"10":[8,2],"11":[3,4],"12":[3,4],"13":[1,7],"14":[0,6],"15":[0,0],"16":[0,6],"17":[0,0],"18":[0,0],"19":[0,0],"20":[0,0],"21":[0,0],"22":[0,0],"23":[4,2],"24":[1,5],"25":[6,6],"26":[1,5]},"meta":{"lastBranch":27,"lastFunction":3,"lastStatement":64,"seen":{"f:5:19:5:38":0,"b:6:8:6:Infinity:undefined:undefined:undefined:undefined":0,"s:6:8:6:Infinity":0,"s:6:24:6:Infinity":1,"s:7:8:7:Infinity":2,"f:10:19:10:41":1,"b:11:8:11:Infinity:undefined:undefined:undefined:undefined":1,"s:11:8:11:Infinity":3,"s:11:24:11:Infinity":4,"s:12:8:12:Infinity":5,"f:15:11:15:21":2,"b:17:8:28:Infinity:undefined:undefined:undefined:undefined":2,"s:17:8:28:Infinity":6,"b:17:12:17:29:17:29:17:50":3,"s:19:29:19:Infinity":7,"s:20:29:20:Infinity":8,"s:21:26:21:Infinity":9,"s:22:29:22:Infinity":10,"s:24:30:24:Infinity":11,"b:25:12:27:Infinity:undefined:undefined:undefined:undefined":4,"s:25:12:27:Infinity":12,"s:26:16:26:Infinity":13,"b:30:8:32:Infinity:undefined:undefined:undefined:undefined":5,"s:30:8:32:Infinity":14,"b:30:12:30:42:30:42:30:64":6,"s:31:12:31:Infinity":15,"s:34:22:34:Infinity":16,"s:37:22:37:Infinity":17,"b:37:53:37:77:37:77:37:Infinity":7,"s:38:22:38:Infinity":18,"b:38:53:38:78:38:78:38:Infinity":8,"b:41:8:43:Infinity:undefined:undefined:undefined:undefined":9,"s:41:8:43:Infinity":19,"b:41:12:41:41:41:41:41:71":10,"s:42:12:42:Infinity":20,"s:46:25:46:Infinity":21,"b:46:56:46:78:46:78:46:Infinity":11,"s:47:25:47:Infinity":22,"b:47:56:47:78:47:78:47:Infinity":12,"s:49:8:49:Infinity":23,"s:50:8:50:Infinity":24,"s:53:30:53:Infinity":25,"b:54:8:56:Infinity:undefined:undefined:undefined:undefined":13,"s:54:8:56:Infinity":26,"s:55:12:55:Infinity":27,"s:58:21:58:Infinity":28,"b:60:8:64:Infinity:undefined:undefined:undefined:undefined":14,"s:60:8:64:Infinity":29,"b:61:12:62:Infinity:62:17:62:Infinity":15,"s:61:12:62:Infinity":30,"s:61:46:61:Infinity":31,"s:62:17:62:Infinity":32,"s:63:12:63:Infinity":33,"s:66:20:66:Infinity":34,"b:69:8:78:Infinity:undefined:undefined:undefined:undefined":16,"s:69:8:78:Infinity":35,"s:70:22:70:Infinity":36,"b:71:12:77:Infinity:71:34:77:Infinity":17,"s:71:12:77:Infinity":37,"s:71:26:71:Infinity":38,"b:71:34:77:Infinity:72:39:77:Infinity":18,"s:71:34:77:Infinity":39,"s:72:31:72:Infinity":40,"b:72:39:77:Infinity:73:39:77:Infinity":19,"s:72:39:77:Infinity":41,"s:73:31:73:Infinity":42,"b:73:39:77:Infinity:74:39:77:Infinity":20,"s:73:39:77:Infinity":43,"s:74:31:74:Infinity":44,"b:74:39:77:Infinity:75:39:77:Infinity":21,"s:74:39:77:Infinity":45,"s:75:31:75:Infinity":46,"b:75:39:77:Infinity:77:17:77:Infinity":22,"s:75:39:77:Infinity":47,"s:76:31:76:Infinity":48,"s:77:17:77:Infinity":49,"s:81:8:81:Infinity":50,"b:85:8:87:Infinity:undefined:undefined:undefined:undefined":23,"s:85:8:87:Infinity":51,"s:86:12:86:Infinity":52,"s:90:8:90:Infinity":53,"s:95:30:99:Infinity":54,"s:101:25:101:Infinity":55,"b:102:8:104:Infinity:undefined:undefined:undefined:undefined":24,"s:102:8:104:Infinity":56,"b:102:12:102:25:102:25:102:60":25,"s:103:12:103:Infinity":57,"s:106:27:106:Infinity":58,"b:107:8:109:Infinity:undefined:undefined:undefined:undefined":26,"s:107:8:109:Infinity":59,"s:108:12:108:Infinity":60,"s:111:14:111:Infinity":61,"s:112:8:112:Infinity":62,"s:114:8:114:Infinity":63}}}
,"C:\\work\\poke-game\\client\\src\\game\\DataManager.ts": {"path":"C:\\work\\poke-game\\client\\src\\game\\DataManager.ts","statementMap":{"0":{"start":{"line":11,"column":57},"end":{"line":11,"column":null}},"1":{"start":{"line":12,"column":53},"end":{"line":12,"column":null}},"2":{"start":{"line":15,"column":8},"end":{"line":15,"column":null}},"3":{"start":{"line":15,"column":52},"end":{"line":15,"column":null}},"4":{"start":{"line":16,"column":8},"end":{"line":24,"column":null}},"5":{"start":{"line":17,"column":24},"end":{"line":17,"column":null}},"6":{"start":{"line":18,"column":12},"end":{"line":20,"column":null}},"7":{"start":{"line":19,"column":16},"end":{"line":19,"column":null}},"8":{"start":{"line":21,"column":12},"end":{"line":21,"column":null}},"9":{"start":{"line":23,"column":12},"end":{"line":23,"column":null}},"10":{"start":{"line":28,"column":8},"end":{"line":28,"column":null}},"11":{"start":{"line":28,"column":34},"end":{"line":28,"column":null}},"12":{"start":{"line":29,"column":8},"end":{"line":87,"column":null}},"13":{"start":{"line":30,"column":24},"end":{"line":30,"column":null}},"14":{"start":{"line":31,"column":25},"end":{"line":31,"column":null}},"15":{"start":{"line":34,"column":12},"end":{"line":43,"column":null}},"16":{"start":{"line":35,"column":16},"end":{"line":38,"column":null}},"17":{"start":{"line":36,"column":20},"end":{"line":36,"column":null}},"18":{"start":{"line":37,"column":20},"end":{"line":37,"column":null}},"19":{"start":{"line":39,"column":16},"end":{"line":42,"column":null}},"20":{"start":{"line":40,"column":20},"end":{"line":40,"column":null}},"21":{"start":{"line":41,"column":20},"end":{"line":41,"column":null}},"22":{"start":{"line":46,"column":38},"end":{"line":46,"column":null}},"23":{"start":{"line":47,"column":32},"end":{"line":47,"column":null}},"24":{"start":{"line":48,"column":37},"end":{"line":48,"column":null}},"25":{"start":{"line":49,"column":31},"end":{"line":49,"column":null}},"26":{"start":{"line":51,"column":12},"end":{"line":65,"column":null}},"27":{"start":{"line":52,"column":16},"end":{"line":52,"column":null}},"28":{"start":{"line":53,"column":12},"end":{"line":65,"column":null}},"29":{"start":{"line":54,"column":16},"end":{"line":54,"column":null}},"30":{"start":{"line":55,"column":12},"end":{"line":65,"column":null}},"31":{"start":{"line":56,"column":16},"end":{"line":56,"column":null}},"32":{"start":{"line":57,"column":12},"end":{"line":65,"column":null}},"33":{"start":{"line":58,"column":16},"end":{"line":58,"column":null}},"34":{"start":{"line":59,"column":12},"end":{"line":65,"column":null}},"35":{"start":{"line":60,"column":16},"end":{"line":60,"column":null}},"36":{"start":{"line":61,"column":12},"end":{"line":65,"column":null}},"37":{"start":{"line":62,"column":16},"end":{"line":62,"column":null}},"38":{"start":{"line":63,"column":12},"end":{"line":65,"column":null}},"39":{"start":{"line":64,"column":16},"end":{"line":64,"column":null}},"40":{"start":{"line":68,"column":12},"end":{"line":80,"column":null}},"41":{"start":{"line":69,"column":16},"end":{"line":69,"column":null}},"42":{"start":{"line":70,"column":12},"end":{"line":80,"column":null}},"43":{"start":{"line":71,"column":16},"end":{"line":71,"column":null}},"44":{"start":{"line":72,"column":12},"end":{"line":80,"column":null}},"45":{"start":{"line":73,"column":16},"end":{"line":73,"column":null}},"46":{"start":{"line":74,"column":12},"end":{"line":80,"column":null}},"47":{"start":{"line":75,"column":16},"end":{"line":75,"column":null}},"48":{"start":{"line":76,"column":12},"end":{"line":80,"column":null}},"49":{"start":{"line":77,"column":16},"end":{"line":77,"column":null}},"50":{"start":{"line":78,"column":12},"end":{"line":80,"column":null}},"51":{"start":{"line":79,"column":16},"end":{"line":79,"column":null}},"52":{"start":{"line":82,"column":12},"end":{"line":82,"column":null}},"53":{"start":{"line":83,"column":12},"end":{"line":83,"column":null}},"54":{"start":{"line":85,"column":12},"end":{"line":85,"column":null}},"55":{"start":{"line":86,"column":12},"end":{"line":86,"column":null}},"56":{"start":{"line":91,"column":8},"end":{"line":97,"column":null}},"57":{"start":{"line":92,"column":24},"end":{"line":92,"column":null}},"58":{"start":{"line":93,"column":12},"end":{"line":93,"column":null}},"59":{"start":{"line":95,"column":12},"end":{"line":95,"column":null}},"60":{"start":{"line":96,"column":12},"end":{"line":96,"column":null}},"61":{"start":{"line":101,"column":8},"end":{"line":107,"column":null}},"62":{"start":{"line":102,"column":24},"end":{"line":102,"column":null}},"63":{"start":{"line":103,"column":12},"end":{"line":103,"column":null}},"64":{"start":{"line":105,"column":12},"end":{"line":105,"column":null}},"65":{"start":{"line":106,"column":12},"end":{"line":106,"column":null}},"66":{"start":{"line":111,"column":25},"end":{"line":111,"column":null}},"67":{"start":{"line":112,"column":25},"end":{"line":112,"column":null}},"68":{"start":{"line":114,"column":8},"end":{"line":114,"column":null}},"69":{"start":{"line":114,"column":23},"end":{"line":114,"column":null}},"70":{"start":{"line":116,"column":8},"end":{"line":137,"column":null}},"71":{"start":{"line":121,"column":12},"end":{"line":136,"column":null}},"72":{"start":{"line":140,"column":8},"end":{"line":151,"column":null}},"73":{"start":{"line":141,"column":28},"end":{"line":141,"column":null}},"74":{"start":{"line":142,"column":12},"end":{"line":142,"column":null}},"75":{"start":{"line":142,"column":26},"end":{"line":142,"column":null}},"76":{"start":{"line":144,"column":12},"end":{"line":150,"column":null}},"77":{"start":{"line":145,"column":16},"end":{"line":145,"column":null}},"78":{"start":{"line":146,"column":12},"end":{"line":150,"column":null}},"79":{"start":{"line":147,"column":16},"end":{"line":147,"column":null}},"80":{"start":{"line":148,"column":12},"end":{"line":150,"column":null}},"81":{"start":{"line":149,"column":16},"end":{"line":149,"column":null}},"82":{"start":{"line":153,"column":8},"end":{"line":153,"column":null}}},"fnMap":{"0":{"name":"(anonymous_0)","decl":{"start":{"line":14,"column":17},"end":{"line":14,"column":33}},"loc":{"start":{"line":14,"column":33},"end":{"line":25,"column":null}},"line":14},"1":{"name":"(anonymous_1)","decl":{"start":{"line":18,"column":29},"end":{"line":18,"column":30}},"loc":{"start":{"line":18,"column":46},"end":{"line":20,"column":13}},"line":18},"2":{"name":"(anonymous_2)","decl":{"start":{"line":27,"column":17},"end":{"line":27,"column":25}},"loc":{"start":{"line":27,"column":38},"end":{"line":88,"column":null}},"line":27},"3":{"name":"(anonymous_3)","decl":{"start":{"line":90,"column":17},"end":{"line":90,"column":26}},"loc":{"start":{"line":90,"column":48},"end":{"line":98,"column":null}},"line":90},"4":{"name":"(anonymous_4)","decl":{"start":{"line":100,"column":17},"end":{"line":100,"column":25}},"loc":{"start":{"line":100,"column":38},"end":{"line":108,"column":null}},"line":100},"5":{"name":"(anonymous_5)","decl":{"start":{"line":110,"column":11},"end":{"line":110,"column":28}},"loc":{"start":{"line":110,"column":77},"end":{"line":154,"column":null}},"line":110},"6":{"name":"(anonymous_6)","decl":{"start":{"line":116,"column":28},"end":{"line":116,"column":39}},"loc":{"start":{"line":116,"column":39},"end":{"line":137,"column":9}},"line":116}},"branchMap":{"0":{"loc":{"start":{"line":15,"column":8},"end":{"line":15,"column":null}},"type":"if","locations":[{"start":{"line":15,"column":8},"end":{"line":15,"column":null}},{"start":{},"end":{}}],"line":15},"1":{"loc":{"start":{"line":28,"column":8},"end":{"line":28,"column":null}},"type":"if","locations":[{"start":{"line":28,"column":8},"end":{"line":28,"column":null}},{"start":{},"end":{}}],"line":28},"2":{"loc":{"start":{"line":34,"column":12},"end":{"line":43,"column":null}},"type":"if","locations":[{"start":{"line":34,"column":12},"end":{"line":43,"column":null}},{"start":{},"end":{}}],"line":34},"3":{"loc":{"start":{"line":35,"column":16},"end":{"line":38,"column":null}},"type":"if","locations":[{"start":{"line":35,"column":16},"end":{"line":38,"column":null}},{"start":{},"end":{}}],"line":35},"4":{"loc":{"start":{"line":39,"column":16},"end":{"line":42,"column":null}},"type":"if","locations":[{"start":{"line":39,"column":16},"end":{"line":42,"column":null}},{"start":{},"end":{}}],"line":39},"5":{"loc":{"start":{"line":51,"column":12},"end":{"line":65,"column":null}},"type":"if","locations":[{"start":{"line":51,"column":12},"end":{"line":65,"column":null}},{"start":{"line":53,"column":12},"end":{"line":65,"column":null}}],"line":51},"6":{"loc":{"start":{"line":53,"column":12},"end":{"line":65,"column":null}},"type":"if","locations":[{"start":{"line":53,"column":12},"end":{"line":65,"column":null}},{"start":{"line":55,"column":12},"end":{"line":65,"column":null}}],"line":53},"7":{"loc":{"start":{"line":55,"column":12},"end":{"line":65,"column":null}},"type":"if","locations":[{"start":{"line":55,"column":12},"end":{"line":65,"column":null}},{"start":{"line":57,"column":12},"end":{"line":65,"column":null}}],"line":55},"8":{"loc":{"start":{"line":57,"column":12},"end":{"line":65,"column":null}},"type":"if","locations":[{"start":{"line":57,"column":12},"end":{"line":65,"column":null}},{"start":{"line":59,"column":12},"end":{"line":65,"column":null}}],"line":57},"9":{"loc":{"start":{"line":59,"column":12},"end":{"line":65,"column":null}},"type":"if","locations":[{"start":{"line":59,"column":12},"end":{"line":65,"column":null}},{"start":{"line":61,"column":12},"end":{"line":65,"column":null}}],"line":59},"10":{"loc":{"start":{"line":61,"column":12},"end":{"line":65,"column":null}},"type":"if","locations":[{"start":{"line":61,"column":12},"end":{"line":65,"column":null}},{"start":{"line":63,"column":12},"end":{"line":65,"column":null}}],"line":61},"11":{"loc":{"start":{"line":63,"column":12},"end":{"line":65,"column":null}},"type":"if","locations":[{"start":{"line":63,"column":12},"end":{"line":65,"column":null}},{"start":{},"end":{}}],"line":63},"12":{"loc":{"start":{"line":68,"column":12},"end":{"line":80,"column":null}},"type":"if","locations":[{"start":{"line":68,"column":12},"end":{"line":80,"column":null}},{"start":{"line":70,"column":12},"end":{"line":80,"column":null}}],"line":68},"13":{"loc":{"start":{"line":70,"column":12},"end":{"line":80,"column":null}},"type":"if","locations":[{"start":{"line":70,"column":12},"end":{"line":80,"column":null}},{"start":{"line":72,"column":12},"end":{"line":80,"column":null}}],"line":70},"14":{"loc":{"start":{"line":72,"column":12},"end":{"line":80,"column":null}},"type":"if","locations":[{"start":{"line":72,"column":12},"end":{"line":80,"column":null}},{"start":{"line":74,"column":12},"end":{"line":80,"column":null}}],"line":72},"15":{"loc":{"start":{"line":74,"column":12},"end":{"line":80,"column":null}},"type":"if","locations":[{"start":{"line":74,"column":12},"end":{"line":80,"column":null}},{"start":{"line":76,"column":12},"end":{"line":80,"column":null}}],"line":74},"16":{"loc":{"start":{"line":76,"column":12},"end":{"line":80,"column":null}},"type":"if","locations":[{"start":{"line":76,"column":12},"end":{"line":80,"column":null}},{"start":{"line":78,"column":12},"end":{"line":80,"column":null}}],"line":76},"17":{"loc":{"start":{"line":78,"column":12},"end":{"line":80,"column":null}},"type":"if","locations":[{"start":{"line":78,"column":12},"end":{"line":80,"column":null}},{"start":{},"end":{}}],"line":78},"18":{"loc":{"start":{"line":90,"column":26},"end":{"line":90,"column":36}},"type":"default-arg","locations":[{"start":{"line":90,"column":33},"end":{"line":90,"column":36}}],"line":90},"19":{"loc":{"start":{"line":90,"column":36},"end":{"line":90,"column":48}},"type":"default-arg","locations":[{"start":{"line":90,"column":44},"end":{"line":90,"column":48}}],"line":90},"20":{"loc":{"start":{"line":114,"column":8},"end":{"line":114,"column":null}},"type":"if","locations":[{"start":{"line":114,"column":8},"end":{"line":114,"column":null}},{"start":{},"end":{}}],"line":114},"21":{"loc":{"start":{"line":121,"column":12},"end":{"line":136,"column":null}},"type":"if","locations":[{"start":{"line":121,"column":12},"end":{"line":136,"column":null}},{"start":{},"end":{}}],"line":121},"22":{"loc":{"start":{"line":142,"column":12},"end":{"line":142,"column":null}},"type":"if","locations":[{"start":{"line":142,"column":12},"end":{"line":142,"column":null}},{"start":{},"end":{}}],"line":142},"23":{"loc":{"start":{"line":144,"column":12},"end":{"line":150,"column":null}},"type":"if","locations":[{"start":{"line":144,"column":12},"end":{"line":150,"column":null}},{"start":{"line":146,"column":12},"end":{"line":150,"column":null}}],"line":144},"24":{"loc":{"start":{"line":146,"column":12},"end":{"line":150,"column":null}},"type":"if","locations":[{"start":{"line":146,"column":12},"end":{"line":150,"column":null}},{"start":{"line":148,"column":12},"end":{"line":150,"column":null}}],"line":146},"25":{"loc":{"start":{"line":148,"column":12},"end":{"line":150,"column":null}},"type":"if","locations":[{"start":{"line":148,"column":12},"end":{"line":150,"column":null}},{"start":{},"end":{}}],"line":148}},"s":{"0":2,"1":2,"2":0,"3":0,"4":0,"5":0,"6":0,"7":0,"8":0,"9":0,"10":0,"11":0,"12":0,"13":0,"14":0,"15":0,"16":0,"17":0,"18":0,"19":0,"20":0,"21":0,"22":0,"23":0,"24":0,"25":0,"26":0,"27":0,"28":0,"29":0,"30":0,"31":0,"32":0,"33":0,"34":0,"35":0,"36":0,"37":0,"38":0,"39":0,"40":0,"41":0,"42":0,"43":0,"44":0,"45":0,"46":0,"47":0,"48":0,"49":0,"50":0,"51":0,"52":0,"53":0,"54":0,"55":0,"56":0,"57":0,"58":0,"59":0,"60":0,"61":0,"62":0,"63":0,"64":0,"65":0,"66":0,"67":0,"68":0,"69":0,"70":0,"71":0,"72":0,"73":0,"74":0,"75":0,"76":0,"77":0,"78":0,"79":0,"80":0,"81":0,"82":0},"f":{"0":2,"1":0,"2":2,"3":2,"4":2,"5":2,"6":0},"b":{"0":[0,0],"1":[0,0],"2":[0,0],"3":[0,0],"4":[0,0],"5":[0,0],"6":[0,0],"7":[0,0],"8":[0,0],"9":[0,0],"10":[0,0],"11":[0,0],"12":[0,0],"13":[0,0],"14":[0,0],"15":[0,0],"16":[0,0],"17":[0,0],"18":[0],"19":[0],"20":[0,0],"21":[0,0],"22":[0,0],"23":[0,0],"24":[0,0],"25":[0,0]},"meta":{"lastBranch":26,"lastFunction":7,"lastStatement":83,"seen":{"s:11:57:11:Infinity":0,"s:12:53:12:Infinity":1,"f:14:17:14:33":0,"b:15:8:15:Infinity:undefined:undefined:undefined:undefined":0,"s:15:8:15:Infinity":2,"s:15:52:15:Infinity":3,"s:16:8:24:Infinity":4,"s:17:24:17:Infinity":5,"s:18:12:20:Infinity":6,"f:18:29:18:30":1,"s:19:16:19:Infinity":7,"s:21:12:21:Infinity":8,"s:23:12:23:Infinity":9,"f:27:17:27:25":2,"b:28:8:28:Infinity:undefined:undefined:undefined:undefined":1,"s:28:8:28:Infinity":10,"s:28:34:28:Infinity":11,"s:29:8:87:Infinity":12,"s:30:24:30:Infinity":13,"s:31:25:31:Infinity":14,"b:34:12:43:Infinity:undefined:undefined:undefined:undefined":2,"s:34:12:43:Infinity":15,"b:35:16:38:Infinity:undefined:undefined:undefined:undefined":3,"s:35:16:38:Infinity":16,"s:36:20:36:Infinity":17,"s:37:20:37:Infinity":18,"b:39:16:42:Infinity:undefined:undefined:undefined:undefined":4,"s:39:16:42:Infinity":19,"s:40:20:40:Infinity":20,"s:41:20:41:Infinity":21,"s:46:38:46:Infinity":22,"s:47:32:47:Infinity":23,"s:48:37:48:Infinity":24,"s:49:31:49:Infinity":25,"b:51:12:65:Infinity:53:12:65:Infinity":5,"s:51:12:65:Infinity":26,"s:52:16:52:Infinity":27,"b:53:12:65:Infinity:55:12:65:Infinity":6,"s:53:12:65:Infinity":28,"s:54:16:54:Infinity":29,"b:55:12:65:Infinity:57:12:65:Infinity":7,"s:55:12:65:Infinity":30,"s:56:16:56:Infinity":31,"b:57:12:65:Infinity:59:12:65:Infinity":8,"s:57:12:65:Infinity":32,"s:58:16:58:Infinity":33,"b:59:12:65:Infinity:61:12:65:Infinity":9,"s:59:12:65:Infinity":34,"s:60:16:60:Infinity":35,"b:61:12:65:Infinity:63:12:65:Infinity":10,"s:61:12:65:Infinity":36,"s:62:16:62:Infinity":37,"b:63:12:65:Infinity:undefined:undefined:undefined:undefined":11,"s:63:12:65:Infinity":38,"s:64:16:64:Infinity":39,"b:68:12:80:Infinity:70:12:80:Infinity":12,"s:68:12:80:Infinity":40,"s:69:16:69:Infinity":41,"b:70:12:80:Infinity:72:12:80:Infinity":13,"s:70:12:80:Infinity":42,"s:71:16:71:Infinity":43,"b:72:12:80:Infinity:74:12:80:Infinity":14,"s:72:12:80:Infinity":44,"s:73:16:73:Infinity":45,"b:74:12:80:Infinity:76:12:80:Infinity":15,"s:74:12:80:Infinity":46,"s:75:16:75:Infinity":47,"b:76:12:80:Infinity:78:12:80:Infinity":16,"s:76:12:80:Infinity":48,"s:77:16:77:Infinity":49,"b:78:12:80:Infinity:undefined:undefined:undefined:undefined":17,"s:78:12:80:Infinity":50,"s:79:16:79:Infinity":51,"s:82:12:82:Infinity":52,"s:83:12:83:Infinity":53,"s:85:12:85:Infinity":54,"s:86:12:86:Infinity":55,"f:90:17:90:26":3,"b:90:33:90:36":18,"b:90:44:90:48":19,"s:91:8:97:Infinity":56,"s:92:24:92:Infinity":57,"s:93:12:93:Infinity":58,"s:95:12:95:Infinity":59,"s:96:12:96:Infinity":60,"f:100:17:100:25":4,"s:101:8:107:Infinity":61,"s:102:24:102:Infinity":62,"s:103:12:103:Infinity":63,"s:105:12:105:Infinity":64,"s:106:12:106:Infinity":65,"f:110:11:110:28":5,"s:111:25:111:Infinity":66,"s:112:25:112:Infinity":67,"b:114:8:114:Infinity:undefined:undefined:undefined:undefined":20,"s:114:8:114:Infinity":68,"s:114:23:114:Infinity":69,"s:116:8:137:Infinity":70,"f:116:28:116:39":6,"b:121:12:136:Infinity:undefined:undefined:undefined:undefined":21,"s:121:12:136:Infinity":71,"s:140:8:151:Infinity":72,"s:141:28:141:Infinity":73,"b:142:12:142:Infinity:undefined:undefined:undefined:undefined":22,"s:142:12:142:Infinity":74,"s:142:26:142:Infinity":75,"b:144:12:150:Infinity:146:12:150:Infinity":23,"s:144:12:150:Infinity":76,"s:145:16:145:Infinity":77,"b:146:12:150:Infinity:148:12:150:Infinity":24,"s:146:12:150:Infinity":78,"s:147:16:147:Infinity":79,"b:148:12:150:Infinity:undefined:undefined:undefined:undefined":25,"s:148:12:150:Infinity":80,"s:149:16:149:Infinity":81,"s:153:8:153:Infinity":82}}}
}
